[ 2018-11-01T22:58:07+08:00 ] 127.0.0.1 /
INFO: [ app_begin ] --START--
INFO: Run Behavior\ReadHtmlCache [ RunTime:0.001062s ]
INFO: [ app_begin ] --END-- [ RunTime:0.001096s ]
INFO: [ view_parse ] --START--
INFO: [ template_filter ] --START--
INFO: Run Behavior\ContentReplace [ RunTime:0.000010s ]
INFO: [ template_filter ] --END-- [ RunTime:0.000033s ]
INFO: Run Behavior\ParseTemplate [ RunTime:0.009097s ]
INFO: [ view_parse ] --END-- [ RunTime:0.009129s ]
INFO: [ view_filter ] --START--
INFO: Run Behavior\WriteHtmlCache [ RunTime:0.000810s ]
INFO: [ view_filter ] --END-- [ RunTime:0.000832s ]
INFO: [ app_end ] --START--
INFO: Run Behavior\ShowPageTrace [ RunTime:0.001023s ]
INFO: [ app_end ] --END-- [ RunTime:0.001044s ]

[ 2018-11-01T22:59:03+08:00 ] 127.0.0.1 /
INFO: [ app_begin ] --START--
INFO: Run Behavior\ReadHtmlCache [ RunTime:0.000879s ]
INFO: [ app_begin ] --END-- [ RunTime:0.001552s ]

[ 2018-11-01T23:03:43+08:00 ] 127.0.0.1 /
INFO: [ app_begin ] --START--
INFO: Run Behavior\ReadHtmlCache [ RunTime:0.001243s ]
INFO: [ app_begin ] --END-- [ RunTime:0.002055s ]
NOTIC: [2] Use of undefined constant price_url - assumed 'price_url' (this will throw an Error in a future version of PHP) D:\work\www\aitt\Application\Home\Controller\IndexController.class.php 第 13 行.
NOTIC: [2] file_get_contents(price_url): failed to open stream: No such file or directory D:\work\www\aitt\Application\Home\Controller\IndexController.class.php 第 13 行.

[ 2018-11-01T23:03:45+08:00 ] 127.0.0.1 /
INFO: [ app_begin ] --START--
INFO: Run Behavior\ReadHtmlCache [ RunTime:0.000986s ]
INFO: [ app_begin ] --END-- [ RunTime:0.001824s ]
NOTIC: [2] Use of undefined constant price_url - assumed 'price_url' (this will throw an Error in a future version of PHP) D:\work\www\aitt\Application\Home\Controller\IndexController.class.php 第 13 行.
NOTIC: [2] file_get_contents(price_url): failed to open stream: No such file or directory D:\work\www\aitt\Application\Home\Controller\IndexController.class.php 第 13 行.

[ 2018-11-01T23:04:33+08:00 ] 127.0.0.1 /
INFO: [ app_begin ] --START--
INFO: Run Behavior\ReadHtmlCache [ RunTime:0.000919s ]
INFO: [ app_begin ] --END-- [ RunTime:0.001658s ]

[ 2018-11-01T23:04:58+08:00 ] 127.0.0.1 /
INFO: [ app_begin ] --START--
INFO: Run Behavior\ReadHtmlCache [ RunTime:0.000972s ]
INFO: [ app_begin ] --END-- [ RunTime:0.001748s ]

[ 2018-11-01T23:05:01+08:00 ] 127.0.0.1 /
INFO: [ app_begin ] --START--
INFO: Run Behavior\ReadHtmlCache [ RunTime:0.000977s ]
INFO: [ app_begin ] --END-- [ RunTime:0.001684s ]

[ 2018-11-01T23:05:31+08:00 ] 127.0.0.1 /
INFO: [ app_begin ] --START--
INFO: Run Behavior\ReadHtmlCache [ RunTime:0.000767s ]
INFO: [ app_begin ] --END-- [ RunTime:0.001362s ]

[ 2018-11-01T23:05:31+08:00 ] 127.0.0.1 /
INFO: [ app_begin ] --START--
INFO: Run Behavior\ReadHtmlCache [ RunTime:0.000764s ]
INFO: [ app_begin ] --END-- [ RunTime:0.001345s ]

[ 2018-11-01T23:08:42+08:00 ] 127.0.0.1 /
INFO: [ app_begin ] --START--
INFO: Run Behavior\ReadHtmlCache [ RunTime:0.001099s ]
INFO: [ app_begin ] --END-- [ RunTime:0.001798s ]
NOTIC: [2] rtrim() expects parameter 1 to be string, array given D:\work\www\aitt\Application\Home\Controller\IndexController.class.php 第 16 行.

[ 2018-11-01T23:08:44+08:00 ] 127.0.0.1 /
INFO: [ app_begin ] --START--
INFO: Run Behavior\ReadHtmlCache [ RunTime:0.000920s ]
INFO: [ app_begin ] --END-- [ RunTime:0.001561s ]
NOTIC: [2] rtrim() expects parameter 1 to be string, array given D:\work\www\aitt\Application\Home\Controller\IndexController.class.php 第 16 行.

[ 2018-11-01T23:09:11+08:00 ] 127.0.0.1 /
INFO: [ app_begin ] --START--
INFO: Run Behavior\ReadHtmlCache [ RunTime:0.000874s ]
INFO: [ app_begin ] --END-- [ RunTime:0.001546s ]
NOTIC: [8] Array to string conversion D:\work\www\aitt\Application\Home\Controller\IndexController.class.php 第 16 行.
NOTIC: [2] rtrim() expects parameter 1 to be string, array given D:\work\www\aitt\Application\Home\Controller\IndexController.class.php 第 17 行.

[ 2018-11-01T23:09:22+08:00 ] 127.0.0.1 /
INFO: [ app_begin ] --START--
INFO: Run Behavior\ReadHtmlCache [ RunTime:0.000780s ]
INFO: [ app_begin ] --END-- [ RunTime:0.001373s ]

[ 2018-11-01T23:10:28+08:00 ] 127.0.0.1 /
INFO: [ app_begin ] --START--
INFO: Run Behavior\ReadHtmlCache [ RunTime:0.000984s ]
INFO: [ app_begin ] --END-- [ RunTime:0.001753s ]

[ 2018-11-01T23:11:19+08:00 ] 127.0.0.1 /
INFO: [ app_begin ] --START--
INFO: Run Behavior\ReadHtmlCache [ RunTime:0.001121s ]
INFO: [ app_begin ] --END-- [ RunTime:0.001977s ]

[ 2018-11-01T23:11:20+08:00 ] 127.0.0.1 /
INFO: [ app_begin ] --START--
INFO: Run Behavior\ReadHtmlCache [ RunTime:0.000885s ]
INFO: [ app_begin ] --END-- [ RunTime:0.001554s ]

[ 2018-11-01T23:11:30+08:00 ] 127.0.0.1 /
INFO: [ app_begin ] --START--
INFO: Run Behavior\ReadHtmlCache [ RunTime:0.000782s ]
INFO: [ app_begin ] --END-- [ RunTime:0.001348s ]

[ 2018-11-01T23:11:45+08:00 ] 127.0.0.1 /
INFO: [ app_begin ] --START--
INFO: Run Behavior\ReadHtmlCache [ RunTime:0.000804s ]
INFO: [ app_begin ] --END-- [ RunTime:0.001413s ]
ERR: syntax error, unexpected 'if' (T_IF)

[ 2018-11-01T23:11:50+08:00 ] 127.0.0.1 /
INFO: [ app_begin ] --START--
INFO: Run Behavior\ReadHtmlCache [ RunTime:0.000788s ]
INFO: [ app_begin ] --END-- [ RunTime:0.001394s ]

[ 2018-11-01T23:13:04+08:00 ] 127.0.0.1 /
INFO: [ app_begin ] --START--
INFO: Run Behavior\ReadHtmlCache [ RunTime:0.000905s ]
INFO: [ app_begin ] --END-- [ RunTime:0.001645s ]

[ 2018-11-01T23:13:05+08:00 ] 127.0.0.1 /
INFO: [ app_begin ] --START--
INFO: Run Behavior\ReadHtmlCache [ RunTime:0.000908s ]
INFO: [ app_begin ] --END-- [ RunTime:0.001589s ]

[ 2018-11-01T23:14:20+08:00 ] 127.0.0.1 /
INFO: [ app_begin ] --START--
INFO: Run Behavior\ReadHtmlCache [ RunTime:0.001877s ]
INFO: [ app_begin ] --END-- [ RunTime:0.002981s ]

[ 2018-11-01T23:14:32+08:00 ] 127.0.0.1 /
INFO: [ app_begin ] --START--
INFO: Run Behavior\ReadHtmlCache [ RunTime:0.000997s ]
INFO: [ app_begin ] --END-- [ RunTime:0.001833s ]

[ 2018-11-01T23:14:33+08:00 ] 127.0.0.1 /
INFO: [ app_begin ] --START--
INFO: Run Behavior\ReadHtmlCache [ RunTime:0.000866s ]
INFO: [ app_begin ] --END-- [ RunTime:0.001561s ]

[ 2018-11-01T23:14:57+08:00 ] 127.0.0.1 /
INFO: [ app_begin ] --START--
INFO: Run Behavior\ReadHtmlCache [ RunTime:0.000770s ]
INFO: [ app_begin ] --END-- [ RunTime:0.001389s ]

[ 2018-11-01T23:15:13+08:00 ] 127.0.0.1 /
INFO: [ app_begin ] --START--
INFO: Run Behavior\ReadHtmlCache [ RunTime:0.000902s ]
INFO: [ app_begin ] --END-- [ RunTime:0.001653s ]

[ 2018-11-01T23:15:24+08:00 ] 127.0.0.1 /
INFO: [ app_begin ] --START--
INFO: Run Behavior\ReadHtmlCache [ RunTime:0.000881s ]
INFO: [ app_begin ] --END-- [ RunTime:0.001545s ]

[ 2018-11-01T23:17:01+08:00 ] 127.0.0.1 /
INFO: [ app_begin ] --START--
INFO: Run Behavior\ReadHtmlCache [ RunTime:0.001300s ]
INFO: [ app_begin ] --END-- [ RunTime:0.002129s ]

[ 2018-11-01T23:18:32+08:00 ] 127.0.0.1 /
INFO: [ app_begin ] --START--
INFO: Run Behavior\ReadHtmlCache [ RunTime:0.000788s ]
INFO: [ app_begin ] --END-- [ RunTime:0.001389s ]

[ 2018-11-01T23:18:39+08:00 ] 127.0.0.1 /
INFO: [ app_begin ] --START--
INFO: Run Behavior\ReadHtmlCache [ RunTime:0.001052s ]
INFO: [ app_begin ] --END-- [ RunTime:0.001742s ]

[ 2018-11-01T23:19:42+08:00 ] 127.0.0.1 /
INFO: [ app_begin ] --START--
INFO: Run Behavior\ReadHtmlCache [ RunTime:0.000858s ]
INFO: [ app_begin ] --END-- [ RunTime:0.001514s ]
ERR: Cannot use object of type stdClass as array

[ 2018-11-01T23:19:54+08:00 ] 127.0.0.1 /
INFO: [ app_begin ] --START--
INFO: Run Behavior\ReadHtmlCache [ RunTime:0.000811s ]
INFO: [ app_begin ] --END-- [ RunTime:0.001425s ]
ERR: Cannot use object of type stdClass as array

[ 2018-11-01T23:19:55+08:00 ] 127.0.0.1 /
INFO: [ app_begin ] --START--
INFO: Run Behavior\ReadHtmlCache [ RunTime:0.001098s ]
INFO: [ app_begin ] --END-- [ RunTime:0.001911s ]
ERR: Cannot use object of type stdClass as array

[ 2018-11-01T23:20:26+08:00 ] 127.0.0.1 /
INFO: [ app_begin ] --START--
INFO: Run Behavior\ReadHtmlCache [ RunTime:0.000758s ]
INFO: [ app_begin ] --END-- [ RunTime:0.001347s ]

[ 2018-11-01T23:20:34+08:00 ] 127.0.0.1 /
INFO: [ app_begin ] --START--
INFO: Run Behavior\ReadHtmlCache [ RunTime:0.000829s ]
INFO: [ app_begin ] --END-- [ RunTime:0.001461s ]

[ 2018-11-01T23:21:09+08:00 ] 127.0.0.1 /
INFO: [ app_begin ] --START--
INFO: Run Behavior\ReadHtmlCache [ RunTime:0.001822s ]
INFO: [ app_begin ] --END-- [ RunTime:0.002613s ]
ERR: Cannot use object of type stdClass as array

[ 2018-11-01T23:21:21+08:00 ] 127.0.0.1 /
INFO: [ app_begin ] --START--
INFO: Run Behavior\ReadHtmlCache [ RunTime:0.000737s ]
INFO: [ app_begin ] --END-- [ RunTime:0.001281s ]

[ 2018-11-01T23:21:45+08:00 ] 127.0.0.1 /
INFO: [ app_begin ] --START--
INFO: Run Behavior\ReadHtmlCache [ RunTime:0.000979s ]
INFO: [ app_begin ] --END-- [ RunTime:0.001727s ]

[ 2018-11-01T23:21:55+08:00 ] 127.0.0.1 /
INFO: [ app_begin ] --START--
INFO: Run Behavior\ReadHtmlCache [ RunTime:0.000673s ]
INFO: [ app_begin ] --END-- [ RunTime:0.001192s ]

[ 2018-11-01T23:22:07+08:00 ] 127.0.0.1 /
INFO: [ app_begin ] --START--
INFO: Run Behavior\ReadHtmlCache [ RunTime:0.000894s ]
INFO: [ app_begin ] --END-- [ RunTime:0.001602s ]

[ 2018-11-01T23:27:58+08:00 ] 127.0.0.1 /
INFO: [ app_begin ] --START--
INFO: Run Behavior\ReadHtmlCache [ RunTime:0.001324s ]
INFO: [ app_begin ] --END-- [ RunTime:0.002160s ]
NOTIC: [8] Undefined variable: sku D:\work\www\aitt\Application\Home\Controller\IndexController.class.php 第 21 行.
NOTIC: [2] file_get_contents(https://c0.3.cn/stock?skuId=&amp;cat=670,671,672&amp;venderId=1000000157&amp;area=1_72_2799_0&amp;buyNum=1&amp;choseSuitSkuIds=&amp;extraParam={%22originid%22:%221%22}&amp;ch=1&amp;fqsp=0&amp;pduid=1080223807&amp;pdpin=&amp;callback=jQuery1369985): failed to open stream: HTTP request failed! HTTP/1.1 403 Forbidden
 D:\work\www\aitt\Application\Home\Controller\IndexController.class.php 第 23 行.

[ 2018-11-01T23:28:33+08:00 ] 127.0.0.1 /
INFO: [ app_begin ] --START--
INFO: Run Behavior\ReadHtmlCache [ RunTime:0.000783s ]
INFO: [ app_begin ] --END-- [ RunTime:0.001975s ]
NOTIC: [8] Undefined variable: sku D:\work\www\aitt\Application\Home\Controller\IndexController.class.php 第 20 行.
NOTIC: [2] file_get_contents(https://c0.3.cn/stock?skuId=&amp;cat=670,671,672&amp;venderId=1000000157&amp;area=1_72_2799_0&amp;buyNum=1&amp;choseSuitSkuIds=&amp;extraParam={%22originid%22:%221%22}&amp;ch=1&amp;fqsp=0&amp;pduid=1080223807&amp;pdpin=&amp;callback=jQuery1369985): failed to open stream: HTTP request failed! HTTP/1.1 403 Forbidden
 D:\work\www\aitt\Application\Home\Controller\IndexController.class.php 第 22 行.

[ 2018-11-01T23:28:34+08:00 ] 127.0.0.1 /
INFO: [ app_begin ] --START--
INFO: Run Behavior\ReadHtmlCache [ RunTime:0.000889s ]
INFO: [ app_begin ] --END-- [ RunTime:0.001567s ]
NOTIC: [8] Undefined variable: sku D:\work\www\aitt\Application\Home\Controller\IndexController.class.php 第 20 行.
NOTIC: [2] file_get_contents(https://c0.3.cn/stock?skuId=&amp;cat=670,671,672&amp;venderId=1000000157&amp;area=1_72_2799_0&amp;buyNum=1&amp;choseSuitSkuIds=&amp;extraParam={%22originid%22:%221%22}&amp;ch=1&amp;fqsp=0&amp;pduid=1080223807&amp;pdpin=&amp;callback=jQuery1369985): failed to open stream: HTTP request failed! HTTP/1.1 403 Forbidden
 D:\work\www\aitt\Application\Home\Controller\IndexController.class.php 第 22 行.

[ 2018-11-01T23:29:14+08:00 ] 127.0.0.1 /
INFO: [ app_begin ] --START--
INFO: Run Behavior\ReadHtmlCache [ RunTime:0.000842s ]
INFO: [ app_begin ] --END-- [ RunTime:0.001507s ]
NOTIC: [8] Undefined variable: sku D:\work\www\aitt\Application\Home\Controller\IndexController.class.php 第 20 行.
NOTIC: [2] file_get_contents(https://c0.3.cn/stock?skuId=&amp;cat=670,671,672&amp;venderId=1000000157&amp;area=1_72_2799_0&amp;buyNum=1&amp;choseSuitSkuIds=&amp;extraParam={%22originid%22:%221%22}&amp;ch=1&amp;fqsp=0&amp;pduid=1080223807&amp;pdpin=&amp;callback=jQuery1369985): failed to open stream: HTTP request failed! HTTP/1.1 403 Forbidden
 D:\work\www\aitt\Application\Home\Controller\IndexController.class.php 第 22 行.

[ 2018-11-01T23:29:16+08:00 ] 127.0.0.1 /
INFO: [ app_begin ] --START--
INFO: Run Behavior\ReadHtmlCache [ RunTime:0.000875s ]
INFO: [ app_begin ] --END-- [ RunTime:0.001549s ]
NOTIC: [8] Undefined variable: sku D:\work\www\aitt\Application\Home\Controller\IndexController.class.php 第 20 行.
NOTIC: [2] file_get_contents(https://c0.3.cn/stock?skuId=&amp;cat=670,671,672&amp;venderId=1000000157&amp;area=1_72_2799_0&amp;buyNum=1&amp;choseSuitSkuIds=&amp;extraParam={%22originid%22:%221%22}&amp;ch=1&amp;fqsp=0&amp;pduid=1080223807&amp;pdpin=&amp;callback=jQuery1369985): failed to open stream: HTTP request failed! HTTP/1.1 403 Forbidden
 D:\work\www\aitt\Application\Home\Controller\IndexController.class.php 第 22 行.

[ 2018-11-01T23:29:43+08:00 ] 127.0.0.1 /
INFO: [ app_begin ] --START--
INFO: Run Behavior\ReadHtmlCache [ RunTime:0.000811s ]
INFO: [ app_begin ] --END-- [ RunTime:0.001381s ]

[ 2018-11-01T23:39:04+08:00 ] 127.0.0.1 /
INFO: [ app_begin ] --START--
INFO: Run Behavior\ReadHtmlCache [ RunTime:0.001204s ]
INFO: [ app_begin ] --END-- [ RunTime:0.002039s ]

[ 2018-11-01T23:54:50+08:00 ] 127.0.0.1 /
INFO: [ app_begin ] --START--
INFO: Run Behavior\ReadHtmlCache [ RunTime:0.002672s ]
INFO: [ app_begin ] --END-- [ RunTime:0.004250s ]
ERR: syntax error, unexpected '$xls_head' (T_VARIABLE)

[ 2018-11-01T23:54:55+08:00 ] 127.0.0.1 /
INFO: [ app_begin ] --START--
INFO: Run Behavior\ReadHtmlCache [ RunTime:0.001844s ]
INFO: [ app_begin ] --END-- [ RunTime:0.003172s ]
ERR: syntax error, unexpected '$xls_head' (T_VARIABLE)

[ 2018-11-01T23:55:18+08:00 ] 127.0.0.1 /
INFO: [ app_begin ] --START--
INFO: Run Behavior\ReadHtmlCache [ RunTime:0.000946s ]
INFO: [ app_begin ] --END-- [ RunTime:0.001762s ]

[ 2018-11-01T23:55:52+08:00 ] 127.0.0.1 /
INFO: [ app_begin ] --START--
INFO: Run Behavior\ReadHtmlCache [ RunTime:0.001833s ]
INFO: [ app_begin ] --END-- [ RunTime:0.002697s ]

[ 2018-11-01T23:56:36+08:00 ] 127.0.0.1 /
INFO: [ app_begin ] --START--
INFO: Run Behavior\ReadHtmlCache [ RunTime:0.003110s ]
INFO: [ app_begin ] --END-- [ RunTime:0.004407s ]

[ 2018-11-01T23:56:44+08:00 ] 127.0.0.1 /
INFO: [ app_begin ] --START--
INFO: Run Behavior\ReadHtmlCache [ RunTime:0.000968s ]
INFO: [ app_begin ] --END-- [ RunTime:0.001785s ]

[ 2018-11-01T23:58:11+08:00 ] 127.0.0.1 /
INFO: [ app_begin ] --START--
INFO: Run Behavior\ReadHtmlCache [ RunTime:0.001108s ]
INFO: [ app_begin ] --END-- [ RunTime:0.001866s ]

[ 2018-11-01T23:58:29+08:00 ] 127.0.0.1 /
INFO: [ app_begin ] --START--
INFO: Run Behavior\ReadHtmlCache [ RunTime:0.002014s ]
INFO: [ app_begin ] --END-- [ RunTime:0.003364s ]

[ 2018-11-01T23:58:43+08:00 ] 127.0.0.1 /
INFO: [ app_begin ] --START--
INFO: Run Behavior\ReadHtmlCache [ RunTime:0.001083s ]
INFO: [ app_begin ] --END-- [ RunTime:0.001915s ]

[ 2018-11-01T23:58:49+08:00 ] 127.0.0.1 /
INFO: [ app_begin ] --START--
INFO: Run Behavior\ReadHtmlCache [ RunTime:0.000919s ]
INFO: [ app_begin ] --END-- [ RunTime:0.001719s ]

[ 2018-11-01T23:59:38+08:00 ] 127.0.0.1 /
INFO: [ app_begin ] --START--
INFO: Run Behavior\ReadHtmlCache [ RunTime:0.002941s ]
INFO: [ app_begin ] --END-- [ RunTime:0.004595s ]
NOTIC: [8] Undefined variable: rtrim D:\work\www\aitt\Application\Home\Controller\IndexController.class.php 第 71 行.
ERR: Function name must be a string

[ 2018-11-01T23:59:42+08:00 ] 127.0.0.1 /
INFO: [ app_begin ] --START--
INFO: Run Behavior\ReadHtmlCache [ RunTime:0.001822s ]
INFO: [ app_begin ] --END-- [ RunTime:0.003163s ]
NOTIC: [8] Undefined variable: rtrim D:\work\www\aitt\Application\Home\Controller\IndexController.class.php 第 71 行.
ERR: Function name must be a string

[ 2018-11-01T23:59:53+08:00 ] 127.0.0.1 /
INFO: [ app_begin ] --START--
INFO: Run Behavior\ReadHtmlCache [ RunTime:0.001120s ]
INFO: [ app_begin ] --END-- [ RunTime:0.001965s ]
NOTIC: [2] rtrim() expects parameter 1 to be string, array given D:\work\www\aitt\Application\Home\Controller\IndexController.class.php 第 71 行.

