[ 2018-11-02T00:00:02+08:00 ] 127.0.0.1 /
INFO: [ app_begin ] --START--
INFO: Run Behavior\ReadHtmlCache [ RunTime:0.001096s ]
INFO: [ app_begin ] --END-- [ RunTime:0.001827s ]
NOTIC: [2] rtrim() expects parameter 1 to be string, array given D:\work\www\aitt\Application\Home\Controller\IndexController.class.php 第 71 行.

[ 2018-11-02T00:00:25+08:00 ] 127.0.0.1 /
INFO: [ app_begin ] --START--
INFO: Run Behavior\ReadHtmlCache [ RunTime:0.001520s ]
INFO: [ app_begin ] --END-- [ RunTime:0.002514s ]
NOTIC: [2] rtrim() expects parameter 1 to be string, array given D:\work\www\aitt\Application\Home\Controller\IndexController.class.php 第 71 行.

[ 2018-11-02T00:00:36+08:00 ] 127.0.0.1 /
INFO: [ app_begin ] --START--
INFO: Run Behavior\ReadHtmlCache [ RunTime:0.001341s ]
INFO: [ app_begin ] --END-- [ RunTime:0.002389s ]
NOTIC: [2] rtrim() expects parameter 1 to be string, array given D:\work\www\aitt\Application\Home\Controller\IndexController.class.php 第 71 行.

[ 2018-11-02T00:00:52+08:00 ] 127.0.0.1 /
INFO: [ app_begin ] --START--
INFO: Run Behavior\ReadHtmlCache [ RunTime:0.000998s ]
INFO: [ app_begin ] --END-- [ RunTime:0.001761s ]

[ 2018-11-02T00:01:24+08:00 ] 127.0.0.1 /
INFO: [ app_begin ] --START--
INFO: Run Behavior\ReadHtmlCache [ RunTime:0.001554s ]
INFO: [ app_begin ] --END-- [ RunTime:0.002415s ]

[ 2018-11-02T00:01:53+08:00 ] 127.0.0.1 /
INFO: [ app_begin ] --START--
INFO: Run Behavior\ReadHtmlCache [ RunTime:0.000882s ]
INFO: [ app_begin ] --END-- [ RunTime:0.001562s ]
ERR: syntax error, unexpected end of file, expecting function (T_FUNCTION) or const (T_CONST)

[ 2018-11-02T00:02:26+08:00 ] 127.0.0.1 /
INFO: [ app_begin ] --START--
INFO: Run Behavior\ReadHtmlCache [ RunTime:0.001332s ]
INFO: [ app_begin ] --END-- [ RunTime:0.002157s ]
INFO: [ app_end ] --START--
INFO: Run Behavior\ShowPageTrace [ RunTime:0.001196s ]
INFO: [ app_end ] --END-- [ RunTime:0.001233s ]

[ 2018-11-02T00:02:27+08:00 ] 127.0.0.1 /
INFO: [ app_begin ] --START--
INFO: Run Behavior\ReadHtmlCache [ RunTime:0.002643s ]
INFO: [ app_begin ] --END-- [ RunTime:0.004371s ]
INFO: [ app_end ] --START--
INFO: Run Behavior\ShowPageTrace [ RunTime:0.004867s ]
INFO: [ app_end ] --END-- [ RunTime:0.005059s ]

[ 2018-11-02T00:03:47+08:00 ] 127.0.0.1 /
INFO: [ app_begin ] --START--
INFO: Run Behavior\ReadHtmlCache [ RunTime:0.000809s ]
INFO: [ app_begin ] --END-- [ RunTime:0.001555s ]

[ 2018-11-02T00:03:51+08:00 ] 127.0.0.1 /
INFO: [ app_begin ] --START--
INFO: Run Behavior\ReadHtmlCache [ RunTime:0.001076s ]
INFO: [ app_begin ] --END-- [ RunTime:0.002352s ]

[ 2018-11-02T00:04:16+08:00 ] 127.0.0.1 /
INFO: [ app_begin ] --START--
INFO: Run Behavior\ReadHtmlCache [ RunTime:0.000860s ]
INFO: [ app_begin ] --END-- [ RunTime:0.001533s ]

[ 2018-11-02T00:04:28+08:00 ] 127.0.0.1 /
INFO: [ app_begin ] --START--
INFO: Run Behavior\ReadHtmlCache [ RunTime:0.001062s ]
INFO: [ app_begin ] --END-- [ RunTime:0.001751s ]
INFO: [ app_end ] --START--
INFO: Run Behavior\ShowPageTrace [ RunTime:0.004566s ]
INFO: [ app_end ] --END-- [ RunTime:0.004705s ]

[ 2018-11-02T00:04:33+08:00 ] 127.0.0.1 /
INFO: [ app_begin ] --START--
INFO: Run Behavior\ReadHtmlCache [ RunTime:0.001434s ]
INFO: [ app_begin ] --END-- [ RunTime:0.002742s ]
INFO: [ app_end ] --START--
INFO: Run Behavior\ShowPageTrace [ RunTime:0.003619s ]
INFO: [ app_end ] --END-- [ RunTime:0.003760s ]

[ 2018-11-02T00:04:34+08:00 ] 127.0.0.1 /
INFO: [ app_begin ] --START--
INFO: Run Behavior\ReadHtmlCache [ RunTime:0.002680s ]
INFO: [ app_begin ] --END-- [ RunTime:0.004503s ]
INFO: [ app_end ] --START--
INFO: Run Behavior\ShowPageTrace [ RunTime:0.004499s ]
INFO: [ app_end ] --END-- [ RunTime:0.004631s ]

[ 2018-11-02T22:19:51+08:00 ] 127.0.0.1 /
INFO: [ app_begin ] --START--
INFO: Run Behavior\ReadHtmlCache [ RunTime:0.001727s ]
INFO: [ app_begin ] --END-- [ RunTime:0.003653s ]
INFO: [ app_end ] --START--
INFO: Run Behavior\ShowPageTrace [ RunTime:0.002701s ]
INFO: [ app_end ] --END-- [ RunTime:0.002775s ]

[ 2018-11-02T22:20:14+08:00 ] 127.0.0.1 /
INFO: [ app_begin ] --START--
INFO: Run Behavior\ReadHtmlCache [ RunTime:0.003295s ]
INFO: [ app_begin ] --END-- [ RunTime:0.005620s ]
INFO: [ app_end ] --START--
INFO: Run Behavior\ShowPageTrace [ RunTime:0.003463s ]
INFO: [ app_end ] --END-- [ RunTime:0.003581s ]

[ 2018-11-02T22:49:28+08:00 ] 127.0.0.1 /
INFO: [ app_begin ] --START--
INFO: Run Behavior\ReadHtmlCache [ RunTime:0.003102s ]
INFO: [ app_begin ] --END-- [ RunTime:0.004874s ]
INFO: [ app_end ] --START--
INFO: Run Behavior\ShowPageTrace [ RunTime:0.003713s ]
INFO: [ app_end ] --END-- [ RunTime:0.003819s ]

[ 2018-11-02T22:49:30+08:00 ] 127.0.0.1 /
INFO: [ app_begin ] --START--
INFO: Run Behavior\ReadHtmlCache [ RunTime:0.001489s ]
INFO: [ app_begin ] --END-- [ RunTime:0.002374s ]
INFO: [ app_end ] --START--
INFO: Run Behavior\ShowPageTrace [ RunTime:0.004545s ]
INFO: [ app_end ] --END-- [ RunTime:0.004681s ]

[ 2018-11-02T22:52:05+08:00 ] 127.0.0.1 /
INFO: [ app_begin ] --START--
INFO: Run Behavior\ReadHtmlCache [ RunTime:0.004938s ]
INFO: [ app_begin ] --END-- [ RunTime:0.008015s ]
NOTIC: [2] file_get_contents(https://item.jd.com/14713594.html): failed to open stream: Redirection limit reached, aborting D:\work\www\aitt\Application\Home\Controller\IndexController.class.php 第 66 行.

[ 2018-11-02T22:53:56+08:00 ] 127.0.0.1 /
INFO: [ app_begin ] --START--
INFO: Run Behavior\ReadHtmlCache [ RunTime:0.003144s ]
INFO: [ app_begin ] --END-- [ RunTime:0.005554s ]
NOTIC: [2] file_get_contents(https://item.jd.com/14713594.html): failed to open stream: Redirection limit reached, aborting D:\work\www\aitt\Application\Home\Controller\IndexController.class.php 第 67 行.
INFO: [ app_end ] --START--
INFO: Run Behavior\ShowPageTrace [ RunTime:0.008490s ]
INFO: [ app_end ] --END-- [ RunTime:0.008654s ]

[ 2018-11-02T23:04:33+08:00 ] 127.0.0.1 /
INFO: [ app_begin ] --START--
INFO: Run Behavior\ReadHtmlCache [ RunTime:0.002492s ]
INFO: [ app_begin ] --END-- [ RunTime:0.003976s ]
NOTIC: [2] file_get_contents(https://item.jd.com/14713594.html): failed to open stream: Redirection limit reached, aborting D:\work\www\aitt\Application\Home\Controller\IndexController.class.php 第 67 行.
NOTIC: [2] Cannot modify header information - headers already sent by (output started at D:\work\www\aitt\Application\Home\Controller\IndexController.class.php:21) D:\work\www\aitt\Application\Home\Controller\IndexController.class.php 第 28 行.
NOTIC: [2] Cannot modify header information - headers already sent by (output started at D:\work\www\aitt\Application\Home\Controller\IndexController.class.php:21) D:\work\www\aitt\Application\Home\Controller\IndexController.class.php 第 29 行.
NOTIC: [2] Cannot modify header information - headers already sent by (output started at D:\work\www\aitt\Application\Home\Controller\IndexController.class.php:21) D:\work\www\aitt\Application\Home\Controller\IndexController.class.php 第 30 行.
NOTIC: [2] Cannot modify header information - headers already sent by (output started at D:\work\www\aitt\Application\Home\Controller\IndexController.class.php:21) D:\work\www\aitt\Application\Home\Controller\IndexController.class.php 第 31 行.
NOTIC: [2] Cannot modify header information - headers already sent by (output started at D:\work\www\aitt\Application\Home\Controller\IndexController.class.php:21) D:\work\www\aitt\Application\Home\Controller\IndexController.class.php 第 32 行.
NOTIC: [2] Cannot modify header information - headers already sent by (output started at D:\work\www\aitt\Application\Home\Controller\IndexController.class.php:21) D:\work\www\aitt\Application\Home\Controller\IndexController.class.php 第 33 行.
NOTIC: [2] Cannot modify header information - headers already sent by (output started at D:\work\www\aitt\Application\Home\Controller\IndexController.class.php:21) D:\work\www\aitt\Application\Home\Controller\IndexController.class.php 第 34 行.
INFO: [ app_end ] --START--
INFO: Run Behavior\ShowPageTrace [ RunTime:0.006530s ]
INFO: [ app_end ] --END-- [ RunTime:0.006681s ]

[ 2018-11-02T23:08:56+08:00 ] 127.0.0.1 /
INFO: [ app_begin ] --START--
INFO: Run Behavior\ReadHtmlCache [ RunTime:0.002466s ]
INFO: [ app_begin ] --END-- [ RunTime:0.004065s ]
INFO: [ app_end ] --START--
INFO: Run Behavior\ShowPageTrace [ RunTime:0.004960s ]
INFO: [ app_end ] --END-- [ RunTime:0.005101s ]

[ 2018-11-02T23:08:58+08:00 ] 127.0.0.1 /
INFO: [ app_begin ] --START--
INFO: Run Behavior\ReadHtmlCache [ RunTime:0.001724s ]
INFO: [ app_begin ] --END-- [ RunTime:0.002727s ]
INFO: [ app_end ] --START--
INFO: Run Behavior\ShowPageTrace [ RunTime:0.004422s ]
INFO: [ app_end ] --END-- [ RunTime:0.004552s ]

[ 2018-11-02T23:11:12+08:00 ] 127.0.0.1 /
INFO: [ app_begin ] --START--
INFO: Run Behavior\ReadHtmlCache [ RunTime:0.006435s ]
INFO: [ app_begin ] --END-- [ RunTime:0.009427s ]
INFO: [ app_end ] --START--
INFO: Run Behavior\ShowPageTrace [ RunTime:0.006089s ]
INFO: [ app_end ] --END-- [ RunTime:0.006244s ]

[ 2018-11-02T23:11:12+08:00 ] 127.0.0.1 /
INFO: [ app_begin ] --START--
INFO: Run Behavior\ReadHtmlCache [ RunTime:0.001842s ]
INFO: [ app_begin ] --END-- [ RunTime:0.003483s ]
INFO: [ app_end ] --START--
INFO: Run Behavior\ShowPageTrace [ RunTime:0.002077s ]
INFO: [ app_end ] --END-- [ RunTime:0.002135s ]

[ 2018-11-02T23:13:53+08:00 ] 127.0.0.1 /
INFO: [ app_begin ] --START--
INFO: Run Behavior\ReadHtmlCache [ RunTime:0.004242s ]
INFO: [ app_begin ] --END-- [ RunTime:0.007042s ]
ERR: syntax error, unexpected '$title' (T_VARIABLE)

[ 2018-11-02T23:14:59+08:00 ] 127.0.0.1 /
INFO: [ app_begin ] --START--
INFO: Run Behavior\ReadHtmlCache [ RunTime:0.001766s ]
INFO: [ app_begin ] --END-- [ RunTime:0.003141s ]
INFO: [ app_end ] --START--
INFO: Run Behavior\ShowPageTrace [ RunTime:0.001591s ]
INFO: [ app_end ] --END-- [ RunTime:0.001648s ]

[ 2018-11-02T23:15:00+08:00 ] 127.0.0.1 /
INFO: [ app_begin ] --START--
INFO: Run Behavior\ReadHtmlCache [ RunTime:0.001853s ]
INFO: [ app_begin ] --END-- [ RunTime:0.002943s ]
INFO: [ app_end ] --START--
INFO: Run Behavior\ShowPageTrace [ RunTime:0.004888s ]
INFO: [ app_end ] --END-- [ RunTime:0.005047s ]

[ 2018-11-02T23:17:17+08:00 ] 127.0.0.1 /
INFO: [ app_begin ] --START--
INFO: Run Behavior\ReadHtmlCache [ RunTime:0.002089s ]
INFO: [ app_begin ] --END-- [ RunTime:0.003648s ]
NOTIC: [2] file_get_contents(https://item.jd.com/14713594.html): failed to open stream: Redirection limit reached, aborting D:\work\www\aitt\Application\Home\Controller\IndexController.class.php 第 67 行.
INFO: [ app_end ] --START--
INFO: Run Behavior\ShowPageTrace [ RunTime:0.007397s ]
INFO: [ app_end ] --END-- [ RunTime:0.007536s ]

[ 2018-11-02T23:18:00+08:00 ] 127.0.0.1 /
INFO: [ app_begin ] --START--
INFO: Run Behavior\ReadHtmlCache [ RunTime:0.001392s ]
INFO: [ app_begin ] --END-- [ RunTime:0.002303s ]
NOTIC: [2] file_get_contents(https://item.jd.com/14713594.html): failed to open stream: Redirection limit reached, aborting D:\work\www\aitt\Application\Home\Controller\IndexController.class.php 第 67 行.
INFO: [ app_end ] --START--
INFO: Run Behavior\ShowPageTrace [ RunTime:0.004090s ]
INFO: [ app_end ] --END-- [ RunTime:0.004194s ]

[ 2018-11-02T23:20:14+08:00 ] 127.0.0.1 /
INFO: [ app_begin ] --START--
INFO: Run Behavior\ReadHtmlCache [ RunTime:0.002618s ]
INFO: [ app_begin ] --END-- [ RunTime:0.004356s ]
INFO: [ app_end ] --START--
INFO: Run Behavior\ShowPageTrace [ RunTime:0.004120s ]
INFO: [ app_end ] --END-- [ RunTime:0.004247s ]

[ 2018-11-02T23:20:56+08:00 ] 127.0.0.1 /
INFO: [ app_begin ] --START--
INFO: Run Behavior\ReadHtmlCache [ RunTime:0.001278s ]
INFO: [ app_begin ] --END-- [ RunTime:0.002086s ]
INFO: [ app_end ] --START--
INFO: Run Behavior\ShowPageTrace [ RunTime:0.005106s ]
INFO: [ app_end ] --END-- [ RunTime:0.005263s ]

[ 2018-11-02T23:23:43+08:00 ] 127.0.0.1 /
INFO: [ app_begin ] --START--
INFO: Run Behavior\ReadHtmlCache [ RunTime:0.002721s ]
INFO: [ app_begin ] --END-- [ RunTime:0.004417s ]
INFO: [ app_end ] --START--
INFO: Run Behavior\ShowPageTrace [ RunTime:0.004792s ]
INFO: [ app_end ] --END-- [ RunTime:0.004929s ]

[ 2018-11-02T23:24:25+08:00 ] 127.0.0.1 /
INFO: [ app_begin ] --START--
INFO: Run Behavior\ReadHtmlCache [ RunTime:0.001469s ]
INFO: [ app_begin ] --END-- [ RunTime:0.003031s ]
INFO: [ app_end ] --START--
INFO: Run Behavior\ShowPageTrace [ RunTime:0.005290s ]
INFO: [ app_end ] --END-- [ RunTime:0.005483s ]

[ 2018-11-02T23:26:08+08:00 ] 127.0.0.1 /
INFO: [ app_begin ] --START--
INFO: Run Behavior\ReadHtmlCache [ RunTime:0.001823s ]
INFO: [ app_begin ] --END-- [ RunTime:0.003424s ]
INFO: [ app_end ] --START--
INFO: Run Behavior\ShowPageTrace [ RunTime:0.003254s ]
INFO: [ app_end ] --END-- [ RunTime:0.003390s ]

[ 2018-11-02T23:26:47+08:00 ] 127.0.0.1 /
INFO: [ app_begin ] --START--
INFO: Run Behavior\ReadHtmlCache [ RunTime:0.001164s ]
INFO: [ app_begin ] --END-- [ RunTime:0.001946s ]
INFO: [ app_end ] --START--
INFO: Run Behavior\ShowPageTrace [ RunTime:0.003038s ]
INFO: [ app_end ] --END-- [ RunTime:0.003134s ]

